SF:lib\features\weather_homepage\blocs\open_weather\open_weather_repository.dart
DA:20,0
DA:23,0
DA:25,0
DA:26,0
DA:27,0
DA:33,0
DA:35,0
DA:36,0
DA:37,0
DA:38,0
DA:41,0
DA:44,0
DA:45,0
DA:46,0
DA:47,0
DA:49,0
DA:50,0
DA:56,0
DA:59,0
DA:61,0
DA:67,0
DA:68,0
DA:69,0
DA:70,0
DA:73,0
DA:74,0
DA:77,0
DA:78,0
DA:79,0
DA:80,0
DA:82,0
DA:83,0
LF:32
LH:0
end_of_record
SF:lib\features\weather_homepage\data\models\coordinate.dart
DA:5,1
DA:12,1
DA:14,1
DA:15,1
DA:16,1
DA:20,0
DA:21,0
DA:22,0
DA:25,0
DA:26,0
LF:10
LH:5
end_of_record
SF:lib\features\weather_homepage\data\models\open_weather_response.dart
DA:12,1
DA:38,1
DA:40,1
DA:41,1
DA:42,1
DA:43,1
DA:44,1
DA:45,1
DA:46,1
DA:47,2
DA:48,5
DA:49,2
DA:50,2
DA:51,2
DA:52,3
DA:53,2
DA:57,0
DA:58,0
DA:59,0
DA:60,0
DA:61,0
DA:62,0
DA:63,0
DA:64,0
DA:65,0
DA:66,0
DA:67,0
DA:68,0
DA:69,0
DA:70,0
DA:73,0
DA:74,0
DA:76,0
DA:79,0
DA:80,0
DA:83,0
DA:84,0
DA:87,0
DA:88,0
DA:89,0
DA:90,0
DA:91,0
DA:92,0
DA:93,0
DA:94,0
DA:95,0
DA:96,0
DA:97,0
DA:98,0
DA:99,0
DA:100,0
DA:101,0
LF:52
LH:16
end_of_record
SF:lib\utils\either.dart
DA:8,1
DA:9,1
DA:11,2
DA:12,0
DA:14,1
DA:15,1
DA:16,1
DA:19,1
DA:20,1
DA:21,1
DA:24,1
DA:25,1
DA:26,2
DA:28,2
DA:34,2
DA:38,2
DA:46,2
DA:48,1
DA:49,1
DA:50,1
DA:51,1
DA:52,1
DA:53,1
DA:56,0
DA:57,0
DA:58,0
DA:59,0
DA:60,0
DA:63,1
DA:65,1
DA:66,2
DA:67,3
DA:68,3
DA:69,1
LF:34
LH:28
end_of_record
SF:lib\features\weather_homepage\blocs\open_weather\open_weather_apibloc.dart
DA:11,1
DA:12,1
DA:13,1
DA:14,1
DA:15,1
DA:18,1
DA:19,1
DA:20,1
DA:26,0
DA:30,0
DA:32,0
DA:33,0
DA:34,0
DA:35,0
DA:36,0
DA:37,0
DA:41,0
DA:46,1
DA:50,1
DA:52,4
DA:53,3
DA:54,3
DA:57,0
LF:23
LH:13
end_of_record
SF:lib\features\weather_homepage\blocs\open_weather\open_weather_event.dart
DA:4,1
DA:8,0
DA:14,1
LF:3
LH:2
end_of_record
SF:lib\features\weather_homepage\blocs\open_weather\open_weather_state.dart
DA:6,2
DA:10,1
DA:12,0
DA:13,0
DA:17,2
DA:21,1
DA:22,1
DA:26,3
DA:30,1
DA:31,2
DA:35,1
DA:37,1
DA:38,1
LF:13
LH:11
end_of_record
SF:lib\features\weather_homepage\data\models\clouds.dart
DA:4,1
DA:8,2
DA:9,1
DA:12,0
DA:13,0
LF:5
LH:3
end_of_record
SF:lib\features\weather_homepage\data\models\main_data.dart
DA:4,1
DA:24,2
DA:25,3
DA:26,3
DA:27,3
DA:28,3
DA:29,3
DA:30,3
DA:31,3
DA:32,3
DA:35,0
DA:36,0
DA:37,0
DA:38,0
DA:39,0
DA:40,0
DA:41,0
DA:42,0
DA:43,0
LF:19
LH:10
end_of_record
SF:lib\features\weather_homepage\data\models\sys.dart
DA:4,1
DA:16,2
DA:17,1
DA:18,1
DA:19,1
DA:20,3
DA:21,3
DA:24,0
DA:25,0
DA:26,0
DA:27,0
DA:28,0
DA:29,0
LF:13
LH:7
end_of_record
SF:lib\features\weather_homepage\data\models\weather.dart
DA:4,1
DA:14,1
DA:16,1
DA:17,1
DA:18,1
DA:19,1
DA:20,1
DA:24,0
DA:25,0
DA:26,0
DA:27,0
DA:28,0
LF:12
LH:7
end_of_record
SF:lib\features\weather_homepage\data\models\wind.dart
DA:4,1
DA:12,2
DA:13,3
DA:14,3
DA:15,3
DA:18,0
DA:19,0
DA:20,0
DA:21,0
LF:9
LH:5
end_of_record
